<?xml version="1.0" encoding="UTF-8"?>
<!-- Generated by org.testng.reporters.JUnitXMLReporter -->
<testsuite ignored="0" hostname="vivobook-asuslaptop-x512flc-x512fl" failures="6" tests="7" name="Surefire test" time="58.192" errors="0" timestamp="2023-10-03T15:33:29 IST">
  <testcase classname="Error.Console_log.ConsolelTest" name="Homepage_Consolelog" time="1.42">
    <failure type="java.lang.AssertionError" message="SEVERE logs were found in the console. expected [0] but found [1]">
      <![CDATA[java.lang.AssertionError: SEVERE logs were found in the console. expected [0] but found [1]
at Error.Console_log.ConsolelTest.Consolelog(ConsolelTest.java:147)
at Error.Console_log.ConsolelTest.Homepage_Consolelog(ConsolelTest.java:36)
at java.base/java.util.ArrayList.forEach(ArrayList.java:1511)
... Removed 37 stack frames]]>
    </failure>
  </testcase> <!-- Homepage_Consolelog -->
  <testcase classname="Error.Console_log.ConsolelTest" name="login_Consolelog" time="21.685">
    <failure type="java.lang.AssertionError" message="SEVERE logs were found in the console. expected [0] but found [6]">
      <![CDATA[java.lang.AssertionError: SEVERE logs were found in the console. expected [0] but found [6]
at Error.Console_log.ConsolelTest.Consolelog(ConsolelTest.java:147)
at Error.Console_log.ConsolelTest.login_Consolelog(ConsolelTest.java:63)
at java.base/java.util.ArrayList.forEach(ArrayList.java:1511)
... Removed 37 stack frames]]>
    </failure>
  </testcase> <!-- login_Consolelog -->
  <testcase classname="Error.Console_log.ConsolelTest" name="serieset_Consolelog" time="10.112">
    <failure type="java.lang.AssertionError" message="SEVERE logs were found in the console. expected [0] but found [1]">
      <![CDATA[java.lang.AssertionError: SEVERE logs were found in the console. expected [0] but found [1]
at Error.Console_log.ConsolelTest.Consolelog(ConsolelTest.java:147)
at Error.Console_log.ConsolelTest.serieset_Consolelog(ConsolelTest.java:80)
at java.base/java.util.ArrayList.forEach(ArrayList.java:1511)
... Removed 37 stack frames]]>
    </failure>
  </testcase> <!-- serieset_Consolelog -->
  <testcase classname="Error.Console_log.ConsolelTest" name="HD_Consolelog" time="4.924"/>
  <testcase classname="Error.Console_log.ConsolelTest" name="Atlas_Consolelog" time="4.45">
    <failure type="java.lang.AssertionError" message="SEVERE logs were found in the console. expected [0] but found [5]">
      <![CDATA[java.lang.AssertionError: SEVERE logs were found in the console. expected [0] but found [5]
at Error.Console_log.ConsolelTest.Consolelog(ConsolelTest.java:147)
at Error.Console_log.ConsolelTest.Atlas_Consolelog(ConsolelTest.java:102)
at java.base/java.util.ArrayList.forEach(ArrayList.java:1511)
... Removed 37 stack frames]]>
    </failure>
  </testcase> <!-- Atlas_Consolelog -->
  <testcase classname="Error.Console_log.ConsolelTest" name="Registration_Consolelog" time="8.586">
    <failure type="java.lang.AssertionError" message="SEVERE logs were found in the console. expected [0] but found [9]">
      <![CDATA[java.lang.AssertionError: SEVERE logs were found in the console. expected [0] but found [9]
at Error.Console_log.ConsolelTest.Consolelog(ConsolelTest.java:147)
at Error.Console_log.ConsolelTest.Registration_Consolelog(ConsolelTest.java:113)
at java.base/java.util.ArrayList.forEach(ArrayList.java:1511)
... Removed 37 stack frames]]>
    </failure>
  </testcase> <!-- Registration_Consolelog -->
  <testcase classname="Error.Console_log.ConsolelTest" name="Cellannotation_Consolelog" time="6.016">
    <failure type="java.lang.AssertionError" message="SEVERE logs were found in the console. expected [0] but found [5]">
      <![CDATA[java.lang.AssertionError: SEVERE logs were found in the console. expected [0] but found [5]
at Error.Console_log.ConsolelTest.Consolelog(ConsolelTest.java:147)
at Error.Console_log.ConsolelTest.Cellannotation_Consolelog(ConsolelTest.java:124)
at java.base/java.util.ArrayList.forEach(ArrayList.java:1511)
... Removed 37 stack frames]]>
    </failure>
  </testcase> <!-- Cellannotation_Consolelog -->
</testsuite> <!-- Surefire test -->
