<?xml version="1.0" encoding="UTF-8"?>
<testsuite xmlns:xsi="http://www.w3.org/2001/XMLSchema-instance" xsi:noNamespaceSchemaLocation="https://maven.apache.org/surefire/maven-surefire-plugin/xsd/surefire-test-report-3.0.xsd" version="3.0" name="Error.Console_log.ConsolelTest" time="58.529" tests="7" errors="0" skipped="0" failures="6">
  <properties>
[...]
</properties>
  <testcase name="Homepage_Consolelog" classname="Error.Console_log.ConsolelTest" time="1.434">
    <failure message="SEVERE logs were found in the console. expected [0] but found [1]" type="java.lang.AssertionError"><![CDATA[java.lang.AssertionError: SEVERE logs were found in the console. expected [0] but found [1]
	at Error.Console_log.ConsolelTest.Consolelog(ConsolelTest.java:147)
	at Error.Console_log.ConsolelTest.Homepage_Consolelog(ConsolelTest.java:36)
]]></failure>
    <system-out><![CDATA[Homepage consolelog having.....
Number of SEVERE-level logs: 1
Level is : 
SEVERE
Message is : 
https://apollo2.humanbrain.in/public/js/main.js 106:0 Uncaught ReferenceError: Fancybox is not defined
]]></system-out>
    <system-err><![CDATA[Oct 03, 2023 3:32:31 PM org.openqa.selenium.remote.DesiredCapabilities chrome
INFO: Using `new ChromeOptions()` is preferred to `DesiredCapabilities.chrome()`
Oct 03, 2023 3:32:32 PM org.openqa.selenium.remote.ProtocolHandshake createSession
INFO: Detected dialect: W3C
]]></system-err>
  </testcase>
  <testcase name="login_Consolelog" classname="Error.Console_log.ConsolelTest" time="21.687">
    <failure message="SEVERE logs were found in the console. expected [0] but found [6]" type="java.lang.AssertionError"><![CDATA[java.lang.AssertionError: SEVERE logs were found in the console. expected [0] but found [6]
	at Error.Console_log.ConsolelTest.Consolelog(ConsolelTest.java:147)
	at Error.Console_log.ConsolelTest.login_Consolelog(ConsolelTest.java:63)
]]></failure>
    <system-out><![CDATA[Login consolelog having......
Number of SEVERE-level logs: 6
Level is : 
SEVERE
Message is : 
https://apollo2.humanbrain.in/viewer/main-es2015.13ae1a3f2dd7737322b5.js 0 Cross-Origin-Opener-Policy policy would block the window.closed call.
Level is : 
SEVERE
Message is : 
https://apollo2.humanbrain.in/viewer/main-es2015.13ae1a3f2dd7737322b5.js 0 Cross-Origin-Opener-Policy policy would block the window.closed call.
Level is : 
SEVERE
Message is : 
https://humanbrain-annotation.firebaseapp.com/__/auth/handler.js 213 Cross-Origin-Opener-Policy policy would block the window.top call.
Level is : 
SEVERE
Message is : 
https://humanbrain-annotation.firebaseapp.com/__/auth/handler.js 213 Cross-Origin-Opener-Policy policy would block the window.top call.
Level is : 
SEVERE
Message is : 
https://apollo2.humanbrain.in/viewer/main-es2015.13ae1a3f2dd7737322b5.js 0 Cross-Origin-Opener-Policy policy would block the window.closed call.
Level is : 
SEVERE
Message is : 
https://apollo2.humanbrain.in/viewer/main-es2015.13ae1a3f2dd7737322b5.js 0 Cross-Origin-Opener-Policy policy would block the window.closed call.
]]></system-out>
  </testcase>
  <testcase name="serieset_Consolelog" classname="Error.Console_log.ConsolelTest" time="10.114">
    <failure message="SEVERE logs were found in the console. expected [0] but found [1]" type="java.lang.AssertionError"><![CDATA[java.lang.AssertionError: SEVERE logs were found in the console. expected [0] but found [1]
	at Error.Console_log.ConsolelTest.Consolelog(ConsolelTest.java:147)
	at Error.Console_log.ConsolelTest.serieset_Consolelog(ConsolelTest.java:80)
]]></failure>
    <system-out><![CDATA[Seriesset consolelog having .......
Number of SEVERE-level logs: 1
Level is : 
SEVERE
Message is : 
https://apollo2.humanbrain.in/viewer/8-es2015.48fbf7e5f05e04f6b207.js 0:2435379 "No section details got"
]]></system-out>
  </testcase>
  <testcase name="HD_Consolelog" classname="Error.Console_log.ConsolelTest" time="4.926">
    <system-out><![CDATA[HD consolelog haivng......
Number of SEVERE-level logs: 0
]]></system-out>
  </testcase>
  <testcase name="Atlas_Consolelog" classname="Error.Console_log.ConsolelTest" time="4.452">
    <failure message="SEVERE logs were found in the console. expected [0] but found [5]" type="java.lang.AssertionError"><![CDATA[java.lang.AssertionError: SEVERE logs were found in the console. expected [0] but found [5]
	at Error.Console_log.ConsolelTest.Consolelog(ConsolelTest.java:147)
	at Error.Console_log.ConsolelTest.Atlas_Consolelog(ConsolelTest.java:102)
]]></failure>
    <system-out><![CDATA[Atlas Editor console log having......
Number of SEVERE-level logs: 5
Level is : 
SEVERE
Message is : 
https://apollo2.humanbrain.in/dgx/getRegionData/ - Failed to load resource: the server responded with a status of 422 (Unprocessable Entity)
Level is : 
SEVERE
Message is : 
https://apollo2.humanbrain.in/viewer/8-es2015.48fbf7e5f05e04f6b207.js 0:2266785 "HTTP ERROR:" S
Level is : 
SEVERE
Message is : 
https://apollo2.humanbrain.in/viewer/8-es2015.48fbf7e5f05e04f6b207.js 0:2755261 "API Error:" S
Level is : 
SEVERE
Message is : 
https://apollo2.humanbrain.in/viewer/main-es2015.13ae1a3f2dd7737322b5.js 0:1118876 "ERROR" S
Level is : 
SEVERE
Message is : 
https://apollo2.humanbrain.in/viewer/8-es2015.48fbf7e5f05e04f6b207.js 0:2435379 "No section details got"
]]></system-out>
  </testcase>
  <testcase name="Registration_Consolelog" classname="Error.Console_log.ConsolelTest" time="8.586">
    <failure message="SEVERE logs were found in the console. expected [0] but found [9]" type="java.lang.AssertionError"><![CDATA[java.lang.AssertionError: SEVERE logs were found in the console. expected [0] but found [9]
	at Error.Console_log.ConsolelTest.Consolelog(ConsolelTest.java:147)
	at Error.Console_log.ConsolelTest.Registration_Consolelog(ConsolelTest.java:113)
]]></failure>
    <system-out><![CDATA[Registration console log having......
Number of SEVERE-level logs: 9
Level is : 
SEVERE
Message is : 
https://apollo2.humanbrain.in/dgx/getRegionData/ - Failed to load resource: the server responded with a status of 422 (Unprocessable Entity)
Level is : 
SEVERE
Message is : 
https://apollo2.humanbrain.in/viewer/8-es2015.48fbf7e5f05e04f6b207.js 0:2266785 "HTTP ERROR:" S
Level is : 
SEVERE
Message is : 
https://apollo2.humanbrain.in/viewer/8-es2015.48fbf7e5f05e04f6b207.js 0:2755261 "API Error:" S
Level is : 
SEVERE
Message is : 
https://apollo2.humanbrain.in/viewer/main-es2015.13ae1a3f2dd7737322b5.js 0:1118876 "ERROR" S
Level is : 
SEVERE
Message is : 
https://apollo2.humanbrain.in/dgx/getRegionData/ - Failed to load resource: the server responded with a status of 500 (Internal Server Error)
Level is : 
SEVERE
Message is : 
https://apollo2.humanbrain.in/viewer/8-es2015.48fbf7e5f05e04f6b207.js 0:2266785 "HTTP ERROR:" S
Level is : 
SEVERE
Message is : 
https://apollo2.humanbrain.in/viewer/8-es2015.48fbf7e5f05e04f6b207.js 0:2755261 "API Error:" S
Level is : 
SEVERE
Message is : 
https://apollo2.humanbrain.in/viewer/main-es2015.13ae1a3f2dd7737322b5.js 0:1118876 "ERROR" S
Level is : 
SEVERE
Message is : 
https://apollo2.humanbrain.in/viewer/8-es2015.48fbf7e5f05e04f6b207.js 0:2435379 "No section details got"
]]></system-out>
  </testcase>
  <testcase name="Cellannotation_Consolelog" classname="Error.Console_log.ConsolelTest" time="6.017">
    <failure message="SEVERE logs were found in the console. expected [0] but found [5]" type="java.lang.AssertionError"><![CDATA[java.lang.AssertionError: SEVERE logs were found in the console. expected [0] but found [5]
	at Error.Console_log.ConsolelTest.Consolelog(ConsolelTest.java:147)
	at Error.Console_log.ConsolelTest.Cellannotation_Consolelog(ConsolelTest.java:124)
]]></failure>
    <system-out><![CDATA[Cell annotation console log having......
Number of SEVERE-level logs: 5
Level is : 
SEVERE
Message is : 
https://apollo2.humanbrain.in/dgx/getRegionData/ - Failed to load resource: the server responded with a status of 422 (Unprocessable Entity)
Level is : 
SEVERE
Message is : 
https://apollo2.humanbrain.in/viewer/8-es2015.48fbf7e5f05e04f6b207.js 0:2266785 "HTTP ERROR:" S
Level is : 
SEVERE
Message is : 
https://apollo2.humanbrain.in/viewer/8-es2015.48fbf7e5f05e04f6b207.js 0:2755261 "API Error:" S
Level is : 
SEVERE
Message is : 
https://apollo2.humanbrain.in/viewer/main-es2015.13ae1a3f2dd7737322b5.js 0:1118876 "ERROR" S
Level is : 
SEVERE
Message is : 
https://apollo2.humanbrain.in/viewer/8-es2015.48fbf7e5f05e04f6b207.js 0:2435379 "No section details got"
]]></system-out>
  </testcase>
</testsuite>